[31/May/2026 01:10:42] "GET / HTTP/1.1" 200 52089
[31/May/2026 01:10:42,622] - Broken pipe from ('127.0.0.1', 52103)
[31/May/2026 01:10:57] "GET / HTTP/1.1" 200 52089
[31/May/2026 01:10:57] "GET /admin/ HTTP/1.1" 302 0
[31/May/2026 01:10:57,822] - Broken pipe from ('127.0.0.1', 65140)
[31/May/2026 01:10:57] "GET /admin/login/?next=/admin/ HTTP/1.1" 200 4080
[31/May/2026 01:10:57,868] - Broken pipe from ('127.0.0.1', 65141)
[31/May/2026 01:11:26] "GET / HTTP/1.1" 200 52117
[31/May/2026 01:11:26,600] - Broken pipe from ('127.0.0.1', 64474)
[31/May/2026 01:11:36] "GET / HTTP/1.1" 200 52089
[31/May/2026 01:11:36,643] - Broken pipe from ('127.0.0.1', 64479)
[31/May/2026 02:54:33] "GET / HTTP/1.1" 200 52089
[31/May/2026 02:54:33,800] - Broken pipe from ('127.0.0.1', 53714)
[31/May/2026 02:54:46] "GET / HTTP/1.1" 200 52089
[31/May/2026 02:54:46] "GET /media/profile/3.jpg HTTP/1.1" 304 0
[31/May/2026 02:54:46] "GET /static/assets/syafra.png HTTP/1.1" 304 0
[31/May/2026 02:54:46] "GET /static/script.js HTTP/1.1" 304 0
[31/May/2026 02:54:46] "GET /static/style.css HTTP/1.1" 200 38286
[31/May/2026 02:55:16] "GET / HTTP/1.1" 200 52089
[31/May/2026 02:55:16] "GET /media/profile/3.jpg HTTP/1.1" 304 0
[31/May/2026 02:55:16] "GET /static/script.js HTTP/1.1" 304 0
[31/May/2026 02:55:16] "GET /static/assets/syafra.png HTTP/1.1" 304 0
[31/May/2026 02:55:16] "GET /static/style.css HTTP/1.1" 200 38286
[31/May/2026 02:55:55] "GET /media/certificates/4.jpg HTTP/1.1" 304 0
[31/May/2026 02:57:31] "GET /admin/ HTTP/1.1" 200 12006
[31/May/2026 02:57:39] "GET /admin/core/resumeupload/ HTTP/1.1" 200 11420
[31/May/2026 02:57:39] "GET /admin/jsi18n/ HTTP/1.1" 200 3342
[31/May/2026 02:57:42] "GET /admin/core/resumeupload/add/ HTTP/1.1" 200 14899
[31/May/2026 02:57:42] "GET /admin/jsi18n/ HTTP/1.1" 200 3342
[31/May/2026 02:59:53] "POST /admin/core/resumeupload/add/ HTTP/1.1" 302 0
[31/May/2026 02:59:53] "GET /admin/core/resumeupload/ HTTP/1.1" 200 14713
[31/May/2026 02:59:53] "GET /admin/jsi18n/ HTTP/1.1" 200 3342
[31/May/2026 02:59:59] "GET / HTTP/1.1" 200 52236
[31/May/2026 02:59:59] "GET /static/style.css HTTP/1.1" 304 0
[31/May/2026 03:03:22] "GET /media/resumes/Syam_Raj_Resume.pdf HTTP/1.1" 200 332998
[31/May/2026 03:03:26] "GET /media/resumes/Syam_Raj_Resume.pdf HTTP/1.1" 200 332998
[31/May/2026 03:03:36] "GET /media/resumes/Syam_Raj_Resume.pdf HTTP/1.1" 200 332998
[31/May/2026 03:08:33] "GET / HTTP/1.1" 200 52236
[31/May/2026 03:08:33,922] - Broken pipe from ('127.0.0.1', 61072)
[31/May/2026 03:09:15] "GET / HTTP/1.1" 200 52236
[31/May/2026 03:09:15] "GET /static/style.css HTTP/1.1" 200 39044
[31/May/2026 03:11:09] "GET / HTTP/1.1" 200 52236
[31/May/2026 03:11:09,664] - Broken pipe from ('127.0.0.1', 55598)
[31/May/2026 03:11:31] "GET / HTTP/1.1" 200 52236
[31/May/2026 03:11:31] "GET /media/profile/3.jpg HTTP/1.1" 304 0
[31/May/2026 03:11:31] "GET /static/style.css HTTP/1.1" 200 38921
[31/May/2026 03:11:33] "GET / HTTP/1.1" 200 52236
[31/May/2026 03:11:33] "GET /static/style.css HTTP/1.1" 304 0
[31/May/2026 03:12:41] "GET /media/resumes/Syam_Raj_Resume.pdf HTTP/1.1" 200 332998
[31/May/2026 03:14:28] "GET / HTTP/1.1" 200 52236
[31/May/2026 03:14:28,910] - Broken pipe from ('127.0.0.1', 56967)
[31/May/2026 03:14:38] "GET / HTTP/1.1" 200 52236
[31/May/2026 03:14:38] "GET /static/style.css HTTP/1.1" 200 38948
[31/May/2026 03:14:38] "GET /media/profile/3.jpg HTTP/1.1" 304 0
[31/May/2026 03:14:38] "GET /static/script.js HTTP/1.1" 304 0
[31/May/2026 03:15:16] "GET / HTTP/1.1" 200 52236
[31/May/2026 03:15:16] "GET /static/style.css HTTP/1.1" 304 0
[31/May/2026 03:15:38] "GET / HTTP/1.1" 200 52236
[31/May/2026 03:15:38] "GET /static/script.js HTTP/1.1" 304 0
[31/May/2026 03:15:38] "GET /static/style.css HTTP/1.1" 200 38948
[31/May/2026 03:18:01] "GET /media/certificates/4.jpg HTTP/1.1" 304 0
[31/May/2026 03:18:23] "GET / HTTP/1.1" 200 52236
[31/May/2026 03:18:23] "GET /static/style.css HTTP/1.1" 304 0
[31/May/2026 03:18:23] "GET /static/assets/syafra.png HTTP/1.1" 304 0
[31/May/2026 03:18:24] "GET / HTTP/1.1" 200 52236
[31/May/2026 03:20:01] "GET / HTTP/1.1" 200 52236
[31/May/2026 03:20:02] "GET /static/style.css HTTP/1.1" 200 38946
[31/May/2026 03:24:47] "GET / HTTP/1.1" 200 52236
[31/May/2026 03:24:47,882] - Broken pipe from ('127.0.0.1', 55357)
[31/May/2026 03:25:00] "GET / HTTP/1.1" 200 52236
[31/May/2026 03:25:01] "GET /static/style.css HTTP/1.1" 200 39078
[31/May/2026 03:26:05] "GET / HTTP/1.1" 200 52236
[31/May/2026 03:26:05,849] - Broken pipe from ('127.0.0.1', 62922)
[31/May/2026 03:26:19] "GET / HTTP/1.1" 200 52236
[31/May/2026 03:26:19] "GET /static/style.css HTTP/1.1" 200 39074
[31/May/2026 03:26:20] "GET / HTTP/1.1" 200 52236
[31/May/2026 03:26:21] "GET / HTTP/1.1" 200 52236
[31/May/2026 03:26:21] "GET /static/style.css HTTP/1.1" 304 0
[31/May/2026 03:27:32] "GET / HTTP/1.1" 200 52236
[31/May/2026 03:27:33,000] - Broken pipe from ('127.0.0.1', 49920)
[31/May/2026 03:27:43] "GET / HTTP/1.1" 200 52236
[31/May/2026 03:27:43] "GET /static/style.css HTTP/1.1" 200 39189
[31/May/2026 03:27:44] "GET / HTTP/1.1" 200 52236
[31/May/2026 03:27:45] "GET / HTTP/1.1" 200 52236
[31/May/2026 03:27:45] "GET /static/style.css HTTP/1.1" 304 0
[31/May/2026 03:27:46] "GET / HTTP/1.1" 200 52236
[31/May/2026 03:28:34] "GET / HTTP/1.1" 200 52236
[31/May/2026 03:28:34,236] - Broken pipe from ('127.0.0.1', 53599)
[31/May/2026 03:28:45] "GET / HTTP/1.1" 200 52236
[31/May/2026 03:28:45] "GET /media/profile/3.jpg HTTP/1.1" 304 0
[31/May/2026 03:28:45] "GET /static/style.css HTTP/1.1" 200 39380
[31/May/2026 03:33:04] "GET / HTTP/1.1" 200 52236
[31/May/2026 03:33:04,847] - Broken pipe from ('127.0.0.1', 52076)
[31/May/2026 03:33:23] "GET / HTTP/1.1" 200 52236
[31/May/2026 03:33:23] "GET /static/style.css HTTP/1.1" 200 39426
[31/May/2026 03:36:24] "GET / HTTP/1.1" 200 52236
[31/May/2026 03:36:24,592] - Broken pipe from ('127.0.0.1', 56784)
[31/May/2026 03:36:42] "GET / HTTP/1.1" 200 52236
[31/May/2026 03:36:42] "GET /static/script.js HTTP/1.1" 304 0
[31/May/2026 03:36:42] "GET /static/style.css HTTP/1.1" 200 39405
[31/May/2026 03:36:44] "GET / HTTP/1.1" 200 52236
[31/May/2026 03:36:44] "GET /static/style.css HTTP/1.1" 304 0
[31/May/2026 03:36:45] "GET / HTTP/1.1" 200 52236
[31/May/2026 03:36:52] "GET / HTTP/1.1" 200 52236
[31/May/2026 03:36:52] "GET /static/style.css HTTP/1.1" 304 0
[31/May/2026 03:37:54] "GET / HTTP/1.1" 200 52236
[31/May/2026 03:37:54,241] - Broken pipe from ('127.0.0.1', 65508)
[31/May/2026 03:38:20] "GET / HTTP/1.1" 200 52236
[31/May/2026 03:38:20,718] - Broken pipe from ('127.0.0.1', 65512)
[31/May/2026 03:38:30] "GET / HTTP/1.1" 200 52236
[31/May/2026 03:38:30] "GET /static/style.css HTTP/1.1" 200 38874
[31/May/2026 03:41:54] "GET / HTTP/1.1" 200 52236
[31/May/2026 03:41:54,863] - Broken pipe from ('127.0.0.1', 65341)
[31/May/2026 03:42:07] "GET / HTTP/1.1" 200 52236
[31/May/2026 03:42:07] "GET /static/style.css HTTP/1.1" 200 39751
[31/May/2026 03:42:21] "GET /media/certificates/4.jpg HTTP/1.1" 304 0
[31/May/2026 03:42:31] "GET /admin/ HTTP/1.1" 200 12371
[31/May/2026 03:42:41] "GET /admin/core/portfolioprofile/ HTTP/1.1" 200 12176
[31/May/2026 03:42:41] "GET /admin/jsi18n/ HTTP/1.1" 200 3342
[31/May/2026 03:42:43] "GET /admin/core/portfolioprofile/1/change/ HTTP/1.1" 200 13141
[31/May/2026 03:42:43] "GET /admin/jsi18n/ HTTP/1.1" 200 3342
[31/May/2026 03:49:17] "POST /admin/core/portfolioprofile/1/change/ HTTP/1.1" 302 0
[31/May/2026 03:49:17] "GET /admin/core/portfolioprofile/ HTTP/1.1" 200 12399
[31/May/2026 03:49:17] "GET /admin/jsi18n/ HTTP/1.1" 200 3342
[31/May/2026 03:49:21] "GET / HTTP/1.1" 200 52280
[31/May/2026 03:49:21] "GET /static/style.css HTTP/1.1" 304 0
[31/May/2026 03:49:21] "GET /static/assets/syafra.png HTTP/1.1" 304 0
[31/May/2026 03:49:21] "GET /media/profile/profilepic1.webp HTTP/1.1" 200 36360
[31/May/2026 03:57:52] "GET /admin/ HTTP/1.1" 200 12742
[31/May/2026 03:57:56] "GET /admin/core/certification/ HTTP/1.1" 200 15576
[31/May/2026 03:57:56] "GET /admin/jsi18n/ HTTP/1.1" 200 3342
[31/May/2026 03:57:58] "GET /admin/core/certification/1/change/ HTTP/1.1" 200 15733
[31/May/2026 03:57:58] "GET /admin/jsi18n/ HTTP/1.1" 200 3342
[31/May/2026 04:19:03] "POST /admin/core/certification/1/change/ HTTP/1.1" 200 15994
[31/May/2026 04:19:03] "GET /admin/jsi18n/ HTTP/1.1" 200 3342
[31/May/2026 04:19:17] "POST /admin/core/certification/1/change/ HTTP/1.1" 302 0
[31/May/2026 04:19:17] "GET /admin/core/certification/ HTTP/1.1" 200 15812
[31/May/2026 04:19:17] "GET /admin/jsi18n/ HTTP/1.1" 200 3342
[31/May/2026 04:19:20] "GET /admin/core/certification/2/change/ HTTP/1.1" 200 15465
[31/May/2026 04:19:20] "GET /admin/jsi18n/ HTTP/1.1" 200 3342
[31/May/2026 04:19:29] "POST /admin/core/certification/2/change/ HTTP/1.1" 302 0
[31/May/2026 04:19:29] "GET /admin/core/certification/ HTTP/1.1" 200 15815
[31/May/2026 04:19:29] "GET /admin/jsi18n/ HTTP/1.1" 200 3342
[31/May/2026 04:19:34] "GET / HTTP/1.1" 200 52397
[31/May/2026 04:19:34] "GET /static/assets/syafra.png HTTP/1.1" 304 0
[31/May/2026 04:19:34] "GET /static/script.js HTTP/1.1" 304 0
[31/May/2026 04:19:34] "GET /media/profile/profilepic1.webp HTTP/1.1" 304 0
[31/May/2026 04:19:34] "GET /static/style.css HTTP/1.1" 304 0
[31/May/2026 04:19:57] "GET /media/resumes/Syam_Raj_Resume.pdf HTTP/1.1" 200 332998
[31/May/2026 04:21:23] "GET /admin/ HTTP/1.1" 200 13515
[31/May/2026 04:21:28] "GET /admin/core/project/ HTTP/1.1" 200 15036
[31/May/2026 04:21:28] "GET /admin/jsi18n/ HTTP/1.1" 200 3342
[31/May/2026 04:21:30] "GET /admin/core/project/1/change/ HTTP/1.1" 200 17535
[31/May/2026 04:21:30] "GET /admin/jsi18n/ HTTP/1.1" 200 3342
[31/May/2026 04:21:57] "POST /admin/core/project/1/change/ HTTP/1.1" 302 0
[31/May/2026 04:21:57] "GET /admin/core/project/ HTTP/1.1" 200 15278
[31/May/2026 04:21:57] "GET /admin/jsi18n/ HTTP/1.1" 200 3342
[31/May/2026 04:22:00] "GET / HTTP/1.1" 200 52404
[31/May/2026 04:22:33] "GET /media/certificates/ECC-CEH-Certificate.1_page-0001.jpg HTTP/1.1" 200 1674483
[31/May/2026 04:22:42] "GET /media/certificates/ECC-Evaluation-Certificate.1_page-0001.jpg HTTP/1.1" 200 959034
[31/May/2026 04:23:04] "GET /media/resumes/Syam_Raj_Resume.pdf HTTP/1.1" 200 332998
[31/May/2026 04:24:07] "POST /contact/ HTTP/1.1" 200 108
[31/May/2026 04:29:25] "GET / HTTP/1.1" 200 52404
[31/May/2026 04:29:25,295] - Broken pipe from ('127.0.0.1', 64334)
[31/May/2026 04:47:14] "GET / HTTP/1.1" 200 52404
[31/May/2026 04:47:14,366] - Broken pipe from ('127.0.0.1', 57577)
[31/May/2026 04:47:28] "GET / HTTP/1.1" 200 52404
[31/May/2026 04:47:28] "GET /static/style.css HTTP/1.1" 304 0
[31/May/2026 04:47:28] "GET /media/profile/profilepic1.webp HTTP/1.1" 304 0
[31/May/2026 04:47:28] "GET /static/script.js HTTP/1.1" 200 21021
[31/May/2026 04:47:30] "GET / HTTP/1.1" 200 52404
Not Found: /home
[31/May/2026 04:47:48] "GET /home HTTP/1.1" 404 2880
[31/May/2026 04:48:16] "GET / HTTP/1.1" 200 52404
[31/May/2026 04:48:16] "GET /static/script.js HTTP/1.1" 304 0
Not Found: /favicon.ico
[31/May/2026 04:48:17] "GET /favicon.ico HTTP/1.1" 404 2901
[31/May/2026 04:50:05] "GET / HTTP/1.1" 200 52404
[31/May/2026 04:50:05,279] - Broken pipe from ('127.0.0.1', 56781)
[31/May/2026 04:50:15] "GET / HTTP/1.1" 200 52404
[31/May/2026 04:50:15] "GET /static/assets/syafra.png HTTP/1.1" 304 0
[31/May/2026 04:50:15] "GET /media/profile/profilepic1.webp HTTP/1.1" 200 36360
[31/May/2026 04:50:15] "GET /static/style.css HTTP/1.1" 200 39751
[31/May/2026 04:50:15] "GET /static/script.js HTTP/1.1" 200 21021
[31/May/2026 04:50:34] "GET / HTTP/1.1" 200 52404
[31/May/2026 04:50:34] "GET /static/script.js HTTP/1.1" 304 0
Not Found: /favicon.ico
[31/May/2026 04:50:34] "GET /favicon.ico HTTP/1.1" 404 2901
Not Found: /about
[31/May/2026 04:50:47] "GET /about HTTP/1.1" 404 2883
Not Found: /home
[31/May/2026 04:51:47] "GET /home HTTP/1.1" 404 2880
Not Found: /home
[31/May/2026 04:56:43] "GET /home HTTP/1.1" 404 2880
Not Found: /home
[31/May/2026 04:56:44] "GET /home HTTP/1.1" 404 2880
Not Found: /home
[31/May/2026 04:56:44] "GET /home HTTP/1.1" 404 2880
Not Found: /home
[31/May/2026 04:56:45] "GET /home HTTP/1.1" 404 2880
Not Found: /home
[31/May/2026 04:56:45] "GET /home HTTP/1.1" 404 2880
Not Found: /home
[31/May/2026 04:56:46] "GET /home HTTP/1.1" 404 2880
Not Found: /home
[31/May/2026 04:56:46] "GET /home HTTP/1.1" 404 2880
Not Found: /home
[31/May/2026 04:56:46] "GET /home HTTP/1.1" 404 2880
Not Found: /home
[31/May/2026 04:56:46] "GET /home HTTP/1.1" 404 2880
Not Found: /home
[31/May/2026 04:56:46] "GET /home HTTP/1.1" 404 2880
[31/May/2026 04:57:01] "GET / HTTP/1.1" 200 52404
[31/May/2026 04:57:01] "GET /media/profile/profilepic1.webp HTTP/1.1" 304 0
[31/May/2026 04:57:01] "GET /static/script.js HTTP/1.1" 304 0
[31/May/2026 04:57:01] "GET / HTTP/1.1" 200 52404
[31/May/2026 04:57:01] "GET / HTTP/1.1" 200 52404
[31/May/2026 04:57:02] "GET / HTTP/1.1" 200 52404
[31/May/2026 04:57:02] "GET / HTTP/1.1" 200 52404
[31/May/2026 04:57:02] "GET / HTTP/1.1" 200 52404
[31/May/2026 04:59:49] "GET / HTTP/1.1" 200 52404
[31/May/2026 04:59:49] "GET /media/profile/profilepic1.webp HTTP/1.1" 304 0
[31/May/2026 04:59:49] "GET /static/style.css HTTP/1.1" 304 0
[31/May/2026 04:59:49] "GET /static/script.js HTTP/1.1" 304 0
[31/May/2026 04:59:49] "GET /static/assets/syafra.png HTTP/1.1" 304 0
[31/May/2026 04:59:50] "GET / HTTP/1.1" 200 52404
[31/May/2026 04:59:50] "GET / HTTP/1.1" 200 52404
[31/May/2026 04:59:51] "GET / HTTP/1.1" 200 52404
[31/May/2026 05:06:25] "GET / HTTP/1.1" 200 52404
[31/May/2026 05:06:25] "GET / HTTP/1.1" 200 52404
[31/May/2026 05:06:25] "GET /static/style.css HTTP/1.1" 304 0
[31/May/2026 05:06:25] "GET /media/profile/profilepic1.webp HTTP/1.1" 304 0
[31/May/2026 05:06:25] "GET /static/script.js HTTP/1.1" 200 19591
[31/May/2026 05:08:12] "POST / HTTP/1.1" 200 52404
[31/May/2026 05:08:12] "GET /static/script.js HTTP/1.1" 304 0
[31/May/2026 05:08:39] "GET / HTTP/1.1" 200 52404
[31/May/2026 05:08:40] "GET /static/style.css HTTP/1.1" 304 0
[31/May/2026 05:08:40] "GET /media/profile/profilepic1.webp HTTP/1.1" 304 0
[31/May/2026 05:08:40] "GET /static/script.js HTTP/1.1" 200 19591
[31/May/2026 05:08:49] "GET /admin/ HTTP/1.1" 200 13892
[31/May/2026 05:08:53] "GET /admin/core/portfolioprofile/ HTTP/1.1" 200 12177
[31/May/2026 05:08:53] "GET /admin/jsi18n/ HTTP/1.1" 200 3342
[31/May/2026 05:08:56] "GET /admin/core/resumeupload/ HTTP/1.1" 200 14494
[31/May/2026 05:08:56] "GET /admin/jsi18n/ HTTP/1.1" 200 3342
[31/May/2026 05:08:57] "GET /admin/core/timelineitem/ HTTP/1.1" 200 15802
[31/May/2026 05:08:57] "GET /admin/jsi18n/ HTTP/1.1" 200 3342
[31/May/2026 05:08:59] "GET /admin/core/portfolioprofile/ HTTP/1.1" 200 12177
[31/May/2026 05:08:59] "GET /admin/jsi18n/ HTTP/1.1" 200 3342
[31/May/2026 05:09:02] "GET /admin/core/contactmessage/ HTTP/1.1" 200 14649
[31/May/2026 05:09:02] "GET /admin/jsi18n/ HTTP/1.1" 200 3342
[31/May/2026 05:09:07] "GET /admin/core/contactmessage/2/change/ HTTP/1.1" 200 13544
[31/May/2026 05:09:07] "GET /admin/jsi18n/ HTTP/1.1" 200 3342
[31/May/2026 05:09:55] "GET / HTTP/1.1" 200 52404
[31/May/2026 05:09:55] "GET /static/script.js HTTP/1.1" 304 0
[31/May/2026 05:10:27] "GET /media/certificates/ECC-CEH-Certificate.1_page-0001.jpg HTTP/1.1" 304 0
[31/May/2026 05:10:35] "GET /media/certificates/ECC-Evaluation-Certificate.1_page-0001.jpg HTTP/1.1" 304 0
[31/May/2026 05:10:57] "GET /media/resumes/Syam_Raj_Resume.pdf HTTP/1.1" 200 332998
[31/May/2026 05:11:24] "POST / HTTP/1.1" 200 52404
[31/May/2026 05:11:24] "GET /static/script.js HTTP/1.1" 304 0
[31/May/2026 05:27:35] "GET / HTTP/1.1" 200 52404
[31/May/2026 05:27:35] "GET /static/style.css HTTP/1.1" 304 0
[31/May/2026 05:27:35] "GET /media/profile/profilepic1.webp HTTP/1.1" 304 0
[31/May/2026 05:27:35] "GET /static/script.js HTTP/1.1" 304 0
[31/May/2026 05:34:09] "POST / HTTP/1.1" 200 52404
[31/May/2026 05:34:09] "GET /static/script.js HTTP/1.1" 304 0
[31/May/2026 05:34:09] "GET /media/profile/profilepic1.webp HTTP/1.1" 304 0
[31/May/2026 05:35:22] "POST / HTTP/1.1" 200 52404
[31/May/2026 05:35:22] "GET /static/assets/syafra.png HTTP/1.1" 304 0
